2024-08-09 13:39:52,033 DEBUG    root            Loaded Command Group: ['gcloud', 'init']
2024-08-09 13:39:52,033 DEBUG    root            Running [gcloud.init] with arguments: []
2024-08-09 13:39:52,034 INFO     ___FILE_ONLY___ Welcome! This command will take you through the configuration of gcloud.


2024-08-09 13:39:52,034 INFO     ___FILE_ONLY___ Your current configuration has been set to: [default]


2024-08-09 13:39:52,034 INFO     ___FILE_ONLY___ You can skip diagnostics next time by using the following flag:

2024-08-09 13:39:52,034 INFO     ___FILE_ONLY___   gcloud init --skip-diagnostics


2024-08-09 13:39:52,035 INFO     ___FILE_ONLY___ Network diagnostic detects and fixes local network connection issues.

2024-08-09 13:39:52,035 INFO     ___FILE_ONLY___ Checking network connection...
2024-08-09 13:39:53,963 DEBUG    urllib3.connectionpool Starting new HTTPS connection (1): accounts.google.com:443
2024-08-09 13:39:54,143 DEBUG    urllib3.connectionpool https://accounts.google.com:443 "GET / HTTP/1.1" 302 365
2024-08-09 13:39:54,215 DEBUG    urllib3.connectionpool https://accounts.google.com:443 "GET /ServiceLogin?passive=1209600&continue=https%3A%2F%2Faccounts.google.com%2F&followup=https%3A%2F%2Faccounts.google.com%2F HTTP/1.1" 302 0
2024-08-09 13:39:54,307 DEBUG    urllib3.connectionpool https://accounts.google.com:443 "GET /InteractiveLogin?continue=https://accounts.google.com/&followup=https://accounts.google.com/&passive=1209600&ifkv=AdF4I744fdzsT2sITt6VG2pxt2B-62BNF70g4Fhho4xKHX_ZOA5QYxuQGMlRkljzO9NDjf9PfHmx HTTP/1.1" 302 554
2024-08-09 13:39:54,421 DEBUG    urllib3.connectionpool https://accounts.google.com:443 "GET /v3/signin/identifier?continue=https%3A%2F%2Faccounts.google.com%2F&followup=https%3A%2F%2Faccounts.google.com%2F&ifkv=AdF4I75NPkcWEeTkH7GK8xA92cZfYlrALQZreh6RSHhWOfyASkPUaOw7oubS3igVFu_BSjF35i3JRg&passive=1209600&flowName=WebLiteSignIn&flowEntry=ServiceLogin&dsh=S-601212841%3A1723199994275263 HTTP/1.1" 200 None
2024-08-09 13:39:54,540 DEBUG    urllib3.connectionpool Starting new HTTPS connection (1): cloudresourcemanager.googleapis.com:443
2024-08-09 13:39:55,275 DEBUG    urllib3.connectionpool https://cloudresourcemanager.googleapis.com:443 "GET /v1beta1/projects HTTP/1.1" 401 None
2024-08-09 13:39:55,285 DEBUG    urllib3.connectionpool Starting new HTTPS connection (1): www.googleapis.com:443
2024-08-09 13:39:55,487 DEBUG    urllib3.connectionpool https://www.googleapis.com:443 "GET /auth/cloud-platform HTTP/1.1" 200 14
2024-08-09 13:39:55,494 DEBUG    urllib3.connectionpool Starting new HTTPS connection (1): dl.google.com:443
2024-08-09 13:39:55,709 DEBUG    urllib3.connectionpool https://dl.google.com:443 "GET /dl/cloudsdk/channels/rapid/components-2.json HTTP/1.1" 200 223380
2024-08-09 13:39:56,127 INFO     ___FILE_ONLY___ Reachability Check passed.

2024-08-09 13:39:56,127 INFO     ___FILE_ONLY___ Network diagnostic passed (1/1 checks passed).


2024-08-09 13:40:18,887 DEBUG    root            Loaded Command Group: ['gcloud', 'auth']
2024-08-09 13:40:18,910 DEBUG    root            Loaded Command Group: ['gcloud', 'auth', 'login']
2024-08-09 13:40:18,911 INFO     root            Executing: [gcloud auth login --force --brief]
2024-08-09 13:40:18,912 DEBUG    root            Running [gcloud.auth.login] with arguments: [--brief: "True", --force: "True"]
2024-08-09 13:40:18,995 DEBUG    requests_oauthlib.oauth2_session Generated new state Vt2dnwSy2o7cCIKPqYnukcmijtLC5H.
2024-08-09 13:40:19,190 INFO     ___FILE_ONLY___ Your browser has been opened to visit:

    https://accounts.google.com/o/oauth2/auth?response_type=code&client_id=32555940559.apps.googleusercontent.com&redirect_uri=http%3A%2F%2Flocalhost%3A8085%2F&scope=openid+https%3A%2F%2Fwww.googleapis.com%2Fauth%2Fuserinfo.email+https%3A%2F%2Fwww.googleapis.com%2Fauth%2Fcloud-platform+https%3A%2F%2Fwww.googleapis.com%2Fauth%2Fappengine.admin+https%3A%2F%2Fwww.googleapis.com%2Fauth%2Fsqlservice.login+https%3A%2F%2Fwww.googleapis.com%2Fauth%2Fcompute+https%3A%2F%2Fwww.googleapis.com%2Fauth%2Faccounts.reauth&state=Vt2dnwSy2o7cCIKPqYnukcmijtLC5H&access_type=offline&code_challenge=B6OUIwe-NNmGi_ERyjEAUa-C8HeRlrrdad7arGylaas&code_challenge_method=S256


2024-08-09 13:40:30,070 INFO     google_auth_oauthlib.flow "GET /?state=Vt2dnwSy2o7cCIKPqYnukcmijtLC5H&code=4/0AcvDMrDL5tQX7462Nx4ivYMdJhxvKz-ULIo6gdWjmZcGt_gDy-BEp93F0Lx3JyDWKH4eog&scope=email%20openid%20https://www.googleapis.com/auth/userinfo.email%20https://www.googleapis.com/auth/cloud-platform%20https://www.googleapis.com/auth/appengine.admin%20https://www.googleapis.com/auth/sqlservice.login%20https://www.googleapis.com/auth/compute%20https://www.googleapis.com/auth/accounts.reauth&authuser=0&prompt=consent HTTP/1.1" 200 959
2024-08-09 13:40:30,072 DEBUG    requests_oauthlib.oauth2_session Requesting url https://oauth2.googleapis.com/token using method POST.
2024-08-09 13:40:30,072 DEBUG    requests_oauthlib.oauth2_session Supplying headers {b'Accept': b'application/json', b'Content-Type': b'application/x-www-form-urlencoded;charset=UTF-8', b'user-agent': b'google-cloud-sdk gcloud/487.0.0 command/gcloud.auth.login invocation-id/629a9a71781a45cb853f3976da49a1ed environment/None environment-version/None client-os/MACOSX client-os-ver/23.5.0 client-pltf-arch/arm interactive/True from-script/False python/3.11.1 term/xterm-256color (Macintosh; Intel Mac OS X 23.5.0)'} and data {'grant_type': 'authorization_code', 'client_id': '32555940559.apps.googleusercontent.com', 'client_secret': 'ZmssLNjJy2998hD4CTg2ejr2', 'code': '4/0AcvDMrDL5tQX7462Nx4ivYMdJhxvKz-ULIo6gdWjmZcGt_gDy-BEp93F0Lx3JyDWKH4eog', 'redirect_uri': 'http://localhost:8085/', 'code_verifier': 'SBgclXHFLgOlHC07QXpRSTYcW16bjxAM.VeMjZqFiejNUc0qyiPeth04kwML17XlGSeDV49Aorpcp-eWvZqMMNzk90kGuWnPnheqfMIM5gjLtxxDasV0_VJWSA-07oe4'}
2024-08-09 13:40:30,072 DEBUG    requests_oauthlib.oauth2_session Passing through key word arguments {'json': None, 'timeout': None, 'auth': None, 'verify': None, 'proxies': None}.
2024-08-09 13:40:30,088 DEBUG    urllib3.connectionpool Starting new HTTPS connection (1): oauth2.googleapis.com:443
2024-08-09 13:40:30,330 DEBUG    urllib3.connectionpool https://oauth2.googleapis.com:443 "POST /token HTTP/1.1" 200 None
2024-08-09 13:40:30,331 DEBUG    requests_oauthlib.oauth2_session Prepared fetch token request body grant_type=authorization_code&client_id=32555940559.apps.googleusercontent.com&client_secret=ZmssLNjJy2998hD4CTg2ejr2&code=4%2F0AcvDMrDL5tQX7462Nx4ivYMdJhxvKz-ULIo6gdWjmZcGt_gDy-BEp93F0Lx3JyDWKH4eog&redirect_uri=http%3A%2F%2Flocalhost%3A8085%2F&code_verifier=SBgclXHFLgOlHC07QXpRSTYcW16bjxAM.VeMjZqFiejNUc0qyiPeth04kwML17XlGSeDV49Aorpcp-eWvZqMMNzk90kGuWnPnheqfMIM5gjLtxxDasV0_VJWSA-07oe4
2024-08-09 13:40:30,332 DEBUG    requests_oauthlib.oauth2_session Request to fetch token completed with status 200.
2024-08-09 13:40:30,332 DEBUG    requests_oauthlib.oauth2_session Request headers were {'user-agent': b'google-cloud-sdk gcloud/487.0.0 command/gcloud.auth.login invocation-id/629a9a71781a45cb853f3976da49a1ed environment/None environment-version/None client-os/MACOSX client-os-ver/23.5.0 client-pltf-arch/arm interactive/True from-script/False python/3.11.1 term/xterm-256color (Macintosh; Intel Mac OS X 23.5.0)', 'Accept-Encoding': 'gzip, deflate', 'Accept': b'application/json', 'Connection': 'keep-alive', 'Content-Type': b'application/x-www-form-urlencoded;charset=UTF-8', 'Content-Length': '387'}
2024-08-09 13:40:30,333 DEBUG    requests_oauthlib.oauth2_session Request body was grant_type=authorization_code&client_id=32555940559.apps.googleusercontent.com&client_secret=ZmssLNjJy2998hD4CTg2ejr2&code=4%2F0AcvDMrDL5tQX7462Nx4ivYMdJhxvKz-ULIo6gdWjmZcGt_gDy-BEp93F0Lx3JyDWKH4eog&redirect_uri=http%3A%2F%2Flocalhost%3A8085%2F&code_verifier=SBgclXHFLgOlHC07QXpRSTYcW16bjxAM.VeMjZqFiejNUc0qyiPeth04kwML17XlGSeDV49Aorpcp-eWvZqMMNzk90kGuWnPnheqfMIM5gjLtxxDasV0_VJWSA-07oe4
2024-08-09 13:40:30,333 DEBUG    requests_oauthlib.oauth2_session Response headers were {'Expires': 'Mon, 01 Jan 1990 00:00:00 GMT', 'Cache-Control': 'no-cache, no-store, max-age=0, must-revalidate', 'Date': 'Fri, 09 Aug 2024 10:40:30 GMT', 'Pragma': 'no-cache', 'Content-Type': 'application/json; charset=utf-8', 'Vary': 'Origin, X-Origin, Referer', 'Content-Encoding': 'gzip', 'Server': 'scaffolding on HTTPServer2', 'X-XSS-Protection': '0', 'X-Frame-Options': 'SAMEORIGIN', 'X-Content-Type-Options': 'nosniff', 'Alt-Svc': 'h3=":443"; ma=2592000,h3-29=":443"; ma=2592000', 'Transfer-Encoding': 'chunked'} and content {
  "access_token": "ya29.a0AcM612wKA-onfsgEbKB_dGmufnL-xCJ1fmtXT_mRMS4J0dnsRGaVwYtMzuixLaz8oXRVIfLSSAlO2jNFS1AjdqSjaygRrPmiMHo-6-G255ugiy7NC8gFNPv4LAl6kcHUqke_wtu-Kafetemsn9V3K0d-ikBzLcb4R0YiMdQTPwaCgYKAdQSARMSFQHGX2MihgJmz8xhRdf7aqd7M6xplA0177",
  "expires_in": 3599,
  "refresh_token": "1//03IeM-cg7DIRcCgYIARAAGAMSNwF-L9IrF1DofK3Nvj-2BFva3Dnnfar_rsijXCbx1EAtL1YDNHHNGdPzDRxDzMt6qlDrhYstFAw",
  "scope": "https://www.googleapis.com/auth/accounts.reauth https://www.googleapis.com/auth/cloud-platform https://www.googleapis.com/auth/appengine.admin https://www.googleapis.com/auth/compute https://www.googleapis.com/auth/userinfo.email https://www.googleapis.com/auth/sqlservice.login openid",
  "token_type": "Bearer",
  "id_token": "eyJhbGciOiJSUzI1NiIsImtpZCI6IjQ1MjljNDA5Zjc3YTEwNmZiNjdlZTFhODVkMTY4ZmQyY2ZiN2MwYjciLCJ0eXAiOiJKV1QifQ.eyJpc3MiOiJodHRwczovL2FjY291bnRzLmdvb2dsZS5jb20iLCJhenAiOiIzMjU1NTk0MDU1OS5hcHBzLmdvb2dsZXVzZXJjb250ZW50LmNvbSIsImF1ZCI6IjMyNTU1OTQwNTU5LmFwcHMuZ29vZ2xldXNlcmNvbnRlbnQuY29tIiwic3ViIjoiMTAxNzQwOTU3NjY0MjA1NTQzOTU1IiwiZW1haWwiOiJzdGVycnJyZXN0QGdtYWlsLmNvbSIsImVtYWlsX3ZlcmlmaWVkIjp0cnVlLCJhdF9oYXNoIjoiTGNWSE1wZ2dnaXhodjFxTHJSQUlFdyIsImlhdCI6MTcyMzIwMDAzMCwiZXhwIjoxNzIzMjAzNjMwfQ.pb_uJ8v8jLWyaIY8CIfyoxuaxcCsrLlWfUKm1XR405dRUG2x5rM6NuIyoXY9SssQeEynDMx6Y2WM0gpFTqAaGGQpqLI6iRm4-Gerv_GLDgmfIGw5kG6Dnf1KC2LTtqIa6hDs9pkNPrJDRnlPIclYXcDs8zNOw19MInPKPwFlNUiIvKJu9gTv6NJSPFQ9y6xWolMMKOPbCiSju-OZdxmaO8Bk9PwqXTFNk3F-OMzZDq31UeFB_ru-RZUHKTUhfyNt7itIRcQxFl7O8tTBLzMLV9OuF8zkK6GpCQ_YmnD_lUOVU1euMZ1PMKaGTVlH3g7s97DbB1cc-6akEkrIS-7zsQ"
}.
2024-08-09 13:40:30,333 DEBUG    requests_oauthlib.oauth2_session Invoking 0 token response hooks.
2024-08-09 13:40:30,333 DEBUG    requests_oauthlib.oauth2_session Obtained token {'access_token': 'ya29.a0AcM612wKA-onfsgEbKB_dGmufnL-xCJ1fmtXT_mRMS4J0dnsRGaVwYtMzuixLaz8oXRVIfLSSAlO2jNFS1AjdqSjaygRrPmiMHo-6-G255ugiy7NC8gFNPv4LAl6kcHUqke_wtu-Kafetemsn9V3K0d-ikBzLcb4R0YiMdQTPwaCgYKAdQSARMSFQHGX2MihgJmz8xhRdf7aqd7M6xplA0177', 'expires_in': 3599, 'refresh_token': '1//03IeM-cg7DIRcCgYIARAAGAMSNwF-L9IrF1DofK3Nvj-2BFva3Dnnfar_rsijXCbx1EAtL1YDNHHNGdPzDRxDzMt6qlDrhYstFAw', 'scope': ['https://www.googleapis.com/auth/accounts.reauth', 'https://www.googleapis.com/auth/cloud-platform', 'https://www.googleapis.com/auth/appengine.admin', 'https://www.googleapis.com/auth/compute', 'https://www.googleapis.com/auth/userinfo.email', 'https://www.googleapis.com/auth/sqlservice.login', 'openid'], 'token_type': 'Bearer', 'id_token': 'eyJhbGciOiJSUzI1NiIsImtpZCI6IjQ1MjljNDA5Zjc3YTEwNmZiNjdlZTFhODVkMTY4ZmQyY2ZiN2MwYjciLCJ0eXAiOiJKV1QifQ.eyJpc3MiOiJodHRwczovL2FjY291bnRzLmdvb2dsZS5jb20iLCJhenAiOiIzMjU1NTk0MDU1OS5hcHBzLmdvb2dsZXVzZXJjb250ZW50LmNvbSIsImF1ZCI6IjMyNTU1OTQwNTU5LmFwcHMuZ29vZ2xldXNlcmNvbnRlbnQuY29tIiwic3ViIjoiMTAxNzQwOTU3NjY0MjA1NTQzOTU1IiwiZW1haWwiOiJzdGVycnJyZXN0QGdtYWlsLmNvbSIsImVtYWlsX3ZlcmlmaWVkIjp0cnVlLCJhdF9oYXNoIjoiTGNWSE1wZ2dnaXhodjFxTHJSQUlFdyIsImlhdCI6MTcyMzIwMDAzMCwiZXhwIjoxNzIzMjAzNjMwfQ.pb_uJ8v8jLWyaIY8CIfyoxuaxcCsrLlWfUKm1XR405dRUG2x5rM6NuIyoXY9SssQeEynDMx6Y2WM0gpFTqAaGGQpqLI6iRm4-Gerv_GLDgmfIGw5kG6Dnf1KC2LTtqIa6hDs9pkNPrJDRnlPIclYXcDs8zNOw19MInPKPwFlNUiIvKJu9gTv6NJSPFQ9y6xWolMMKOPbCiSju-OZdxmaO8Bk9PwqXTFNk3F-OMzZDq31UeFB_ru-RZUHKTUhfyNt7itIRcQxFl7O8tTBLzMLV9OuF8zkK6GpCQ_YmnD_lUOVU1euMZ1PMKaGTVlH3g7s97DbB1cc-6akEkrIS-7zsQ', 'expires_at': 1723203629.333792}.
2024-08-09 13:40:30,351 DEBUG    root            Chosen display Format:none
2024-08-09 13:40:30,351 INFO     root            Display format: "none"
2024-08-09 13:40:30,368 INFO     ___FILE_ONLY___ You are signed in as: [sterrrrest@gmail.com].


2024-08-09 13:40:30,396 DEBUG    urllib3.connectionpool Starting new HTTPS connection (1): cloudresourcemanager.googleapis.com:443
2024-08-09 13:40:30,765 DEBUG    urllib3.connectionpool https://cloudresourcemanager.googleapis.com:443 "GET /v1/projects?alt=json&filter=lifecycleState%3AACTIVE&pageSize=201 HTTP/1.1" 200 None
2024-08-09 13:41:20,199 INFO     ___FILE_ONLY___ Your current project has been set to: [graphical-bus-431909-u0].


2024-08-09 13:41:20,308 DEBUG    root            Loaded Command Group: ['gcloud', 'compute']
2024-08-09 13:41:20,310 DEBUG    root            Loaded Command Group: ['gcloud', 'compute', 'project_info']
2024-08-09 13:41:20,325 DEBUG    root            Loaded Command Group: ['gcloud', 'compute', 'project-info', 'describe']
2024-08-09 13:41:20,326 INFO     root            Executing: [gcloud compute project-info describe --quiet]
2024-08-09 13:41:20,326 DEBUG    root            Running [gcloud.compute.project-info.describe] with arguments: [--no-user-output-enabled: "false", --quiet: "True", --verbosity: "none"]
2024-08-09 13:41:20,569 DEBUG    urllib3.connectionpool Starting new HTTPS connection (1): compute.googleapis.com:443
2024-08-09 13:41:20,881 DEBUG    urllib3.connectionpool https://compute.googleapis.com:443 "GET /compute/v1/projects/graphical-bus-431909-u0?alt=json HTTP/1.1" 403 None
2024-08-09 13:41:20,886 DEBUG    root            Chosen display Format:default
2024-08-09 13:41:20,892 DEBUG    root            Chosen display Format:default
2024-08-09 13:41:20,894 DEBUG    root            Chosen display Format:default
2024-08-09 13:41:20,904 DEBUG    root            Chosen display Format:default
2024-08-09 13:41:20,897 DEBUG    root            (gcloud.compute.project-info.describe) [sterrrrest@gmail.com] does not have permission to access projects instance [graphical-bus-431909-u0] (or it may not exist): Compute Engine API has not been used in project graphical-bus-431909-u0 before or it is disabled. Enable it by visiting https://console.developers.google.com/apis/api/compute.googleapis.com/overview?project=graphical-bus-431909-u0 then retry. If you enabled this API recently, wait a few minutes for the action to propagate to our systems and retry. This command is authenticated as sterrrrest@gmail.com which is the active account specified by the [core/account] property.
- '@type': type.googleapis.com/google.rpc.Help
  links:
  - description: Google developers console API activation
    url: https://console.developers.google.com/apis/api/compute.googleapis.com/overview?project=graphical-bus-431909-u0
- '@type': type.googleapis.com/google.rpc.ErrorInfo
  domain: googleapis.com
  metadatas:
    consumer: projects/graphical-bus-431909-u0
    service: compute.googleapis.com
  reason: SERVICE_DISABLED
Traceback (most recent call last):
  File "/Users/sterr/Documents/./google-cloud-sdk/lib/googlecloudsdk/calliope/cli.py", line 998, in Execute
    resources = calliope_command.Run(cli=self, args=args)
                ^^^^^^^^^^^^^^^^^^^^^^^^^^^^^^^^^^^^^^^^^
  File "/Users/sterr/Documents/./google-cloud-sdk/lib/googlecloudsdk/calliope/backend.py", line 822, in Run
    resources = command_instance.Run(args)
                ^^^^^^^^^^^^^^^^^^^^^^^^^^
  File "/Users/sterr/Documents/./google-cloud-sdk/lib/surface/compute/project_info/describe.py", line 37, in Run
    return client.MakeRequests([(client.apitools_client.projects, 'Get',
           ^^^^^^^^^^^^^^^^^^^^^^^^^^^^^^^^^^^^^^^^^^^^^^^^^^^^^^^^^^^^^
  File "/Users/sterr/Documents/./google-cloud-sdk/lib/googlecloudsdk/api_lib/compute/client_adapter.py", line 128, in MakeRequests
    objects = list(
              ^^^^^
  File "/Users/sterr/Documents/./google-cloud-sdk/lib/googlecloudsdk/api_lib/compute/request_helper.py", line 321, in MakeRequests
    responses, new_errors = single_request_helper.MakeSingleRequest(
                            ^^^^^^^^^^^^^^^^^^^^^^^^^^^^^^^^^^^^^^^^
  File "/Users/sterr/Documents/./google-cloud-sdk/lib/googlecloudsdk/api_lib/compute/single_request_helper.py", line 69, in MakeSingleRequest
    response = getattr(service, method)(request=request_body)
               ^^^^^^^^^^^^^^^^^^^^^^^^^^^^^^^^^^^^^^^^^^^^^^
  File "/Users/sterr/Documents/./google-cloud-sdk/lib/googlecloudsdk/generated_clients/apis/compute/v1/compute_v1_client.py", line 10867, in Get
    return self._RunMethod(
           ^^^^^^^^^^^^^^^^
  File "/Users/sterr/Documents/./google-cloud-sdk/lib/third_party/apitools/base/py/base_api.py", line 734, in _RunMethod
    http_response = http_wrapper.MakeRequest(
                    ^^^^^^^^^^^^^^^^^^^^^^^^^
  File "/Users/sterr/Documents/./google-cloud-sdk/lib/third_party/apitools/base/py/http_wrapper.py", line 348, in MakeRequest
    return _MakeRequestNoRetry(
           ^^^^^^^^^^^^^^^^^^^^
  File "/Users/sterr/Documents/./google-cloud-sdk/lib/third_party/apitools/base/py/http_wrapper.py", line 406, in _MakeRequestNoRetry
    check_response_func(response)
  File "/Users/sterr/Documents/./google-cloud-sdk/lib/googlecloudsdk/api_lib/util/apis.py", line 243, in _CheckResponse
    _CheckForApiEnablementError(response_as_error)
  File "/Users/sterr/Documents/./google-cloud-sdk/lib/googlecloudsdk/api_lib/util/apis.py", line 209, in _CheckForApiEnablementError
    PromptToEnableApi(*enablement_info)
  File "/Users/sterr/Documents/./google-cloud-sdk/lib/googlecloudsdk/api_lib/util/apis.py", line 192, in PromptToEnableApi
    raise exception
googlecloudsdk.api_lib.util.exceptions.HttpException: [sterrrrest@gmail.com] does not have permission to access projects instance [graphical-bus-431909-u0] (or it may not exist): Compute Engine API has not been used in project graphical-bus-431909-u0 before or it is disabled. Enable it by visiting https://console.developers.google.com/apis/api/compute.googleapis.com/overview?project=graphical-bus-431909-u0 then retry. If you enabled this API recently, wait a few minutes for the action to propagate to our systems and retry. This command is authenticated as sterrrrest@gmail.com which is the active account specified by the [core/account] property.
- '@type': type.googleapis.com/google.rpc.Help
  links:
  - description: Google developers console API activation
    url: https://console.developers.google.com/apis/api/compute.googleapis.com/overview?project=graphical-bus-431909-u0
- '@type': type.googleapis.com/google.rpc.ErrorInfo
  domain: googleapis.com
  metadatas:
    consumer: projects/graphical-bus-431909-u0
    service: compute.googleapis.com
  reason: SERVICE_DISABLED
2024-08-09 13:41:20,907 ERROR    root            (gcloud.compute.project-info.describe) [sterrrrest@gmail.com] does not have permission to access projects instance [graphical-bus-431909-u0] (or it may not exist): Compute Engine API has not been used in project graphical-bus-431909-u0 before or it is disabled. Enable it by visiting https://console.developers.google.com/apis/api/compute.googleapis.com/overview?project=graphical-bus-431909-u0 then retry. If you enabled this API recently, wait a few minutes for the action to propagate to our systems and retry. This command is authenticated as sterrrrest@gmail.com which is the active account specified by the [core/account] property.
- '@type': type.googleapis.com/google.rpc.Help
  links:
  - description: Google developers console API activation
    url: https://console.developers.google.com/apis/api/compute.googleapis.com/overview?project=graphical-bus-431909-u0
- '@type': type.googleapis.com/google.rpc.ErrorInfo
  domain: googleapis.com
  metadatas:
    consumer: projects/graphical-bus-431909-u0
    service: compute.googleapis.com
  reason: SERVICE_DISABLED
2024-08-09 13:41:20,907 INFO     root            [compute project-info describe --quiet] has failed

2024-08-09 13:41:20,907 INFO     ___FILE_ONLY___ Not setting default zone/region (this feature makes it easier to use
[gcloud compute] by setting an appropriate default value for the
--zone and --region flag).
See https://cloud.google.com/compute/docs/gcloud-compute section on how to set
default compute region and zone manually. If you would like [gcloud init] to be
able to do this for you the next time you run it, make sure the
Compute Engine API is enabled for your project on the
https://console.developers.google.com/apis page.


2024-08-09 13:41:20,907 DEBUG    root            Executing command: ['/Users/sterr/Documents/google-cloud-sdk/bin/gsutil', 'config', '-n', '-o', '/Users/sterr/.boto']
2024-08-09 13:41:22,879 DEBUG    ___FILE_ONLY___ 
2024-08-09 13:41:22,879 DEBUG    ___FILE_ONLY___ This command will create a boto config file at /Users/sterr/.boto
containing your credentials, based on your responses to the following
questions.

Boto config file "/Users/sterr/.boto" created. If you need to use a
proxy to access the Internet please see the instructions in that file.

2024-08-09 13:41:22,879 INFO     ___FILE_ONLY___ Created a default .boto configuration file at [/Users/sterr/.boto]. See this file and
[https://cloud.google.com/storage/docs/gsutil/commands/config] for more
information about configuring Google Cloud Storage.

2024-08-09 13:41:22,879 INFO     ___FILE_ONLY___ The Google Cloud CLI is configured and ready to use!


2024-08-09 13:41:22,879 INFO     ___FILE_ONLY___ * Commands that require authentication will use sterrrrest@gmail.com by default

2024-08-09 13:41:22,879 INFO     ___FILE_ONLY___ * Commands will reference project `graphical-bus-431909-u0` by default

2024-08-09 13:41:22,879 INFO     ___FILE_ONLY___ Run `gcloud help config` to learn how to change individual settings


2024-08-09 13:41:22,879 INFO     ___FILE_ONLY___ This gcloud configuration is called [default]. You can create additional configurations if you work with multiple accounts and/or projects.

2024-08-09 13:41:22,879 INFO     ___FILE_ONLY___ Run `gcloud topic configurations` to learn more.


2024-08-09 13:41:22,879 INFO     ___FILE_ONLY___ Some things to try next:


2024-08-09 13:41:22,879 INFO     ___FILE_ONLY___ * Run `gcloud --help` to see the Cloud Platform services you can interact with. And run `gcloud help COMMAND` to get help on any gcloud command.

2024-08-09 13:41:22,879 INFO     ___FILE_ONLY___ * Run `gcloud topic --help` to learn about advanced features of the CLI like arg files and output formatting

2024-08-09 13:41:22,879 INFO     ___FILE_ONLY___ * Run `gcloud cheat-sheet` to see a roster of go-to `gcloud` commands.

2024-08-09 13:41:22,879 DEBUG    root            Chosen display Format:default
2024-08-09 13:41:22,880 INFO     root            Display format: "default"
