2024-08-09 13:59:42,068 DEBUG    root            Loaded Command Group: ['gcloud', 'domains']
2024-08-09 13:59:42,069 DEBUG    root            Loaded Command Group: ['gcloud', 'organizations']
2024-08-09 13:59:42,071 DEBUG    root            Loaded Command Group: ['gcloud', 'datastore']
2024-08-09 13:59:42,072 DEBUG    root            No implementation for release track [GA] for element: [/Users/sterr/Documents/./google-cloud-sdk/lib/surface/spectrum_access]
2024-08-09 13:59:42,089 DEBUG    root            Loaded Command Group: ['gcloud', 'compute']
2024-08-09 13:59:42,091 DEBUG    root            No implementation for release track [GA] for element: [/Users/sterr/Documents/./google-cloud-sdk/lib/surface/genomics]
2024-08-09 13:59:42,091 DEBUG    root            Loaded Command Group: ['gcloud', 'dataflow']
2024-08-09 13:59:42,092 DEBUG    root            No implementation for release track [GA] for element: [/Users/sterr/Documents/./google-cloud-sdk/lib/surface/microservices]
2024-08-09 13:59:42,094 DEBUG    root            No implementation for release track [GA] for element: [/Users/sterr/Documents/./google-cloud-sdk/lib/surface/runtime_config]
2024-08-09 13:59:42,094 DEBUG    root            Loaded Command Group: ['gcloud', 'tasks']
2024-08-09 13:59:42,095 DEBUG    root            Loaded Command Group: ['gcloud', 'iap']
2024-08-09 13:59:42,096 DEBUG    root            Loaded Command Group: ['gcloud', 'assured']
2024-08-09 13:59:42,097 DEBUG    root            Loaded Command Group: ['gcloud', 'scheduler']
2024-08-09 13:59:42,098 DEBUG    root            Loaded Command Group: ['gcloud', 'deployment_manager']
2024-08-09 13:59:42,099 DEBUG    root            No implementation for release track [GA] for element: [/Users/sterr/Documents/./google-cloud-sdk/lib/surface/dialogflow]
2024-08-09 13:59:42,104 DEBUG    root            No implementation for release track [GA] for element: [/Users/sterr/Documents/./google-cloud-sdk/lib/surface/code]
2024-08-09 13:59:42,104 DEBUG    root            Loaded Command Group: ['gcloud', 'composer']
2024-08-09 13:59:42,105 DEBUG    root            Loaded Command Group: ['gcloud', 'cloud_shell']
2024-08-09 13:59:42,106 DEBUG    root            No implementation for release track [GA] for element: [/Users/sterr/Documents/./google-cloud-sdk/lib/surface/oracle_database]
2024-08-09 13:59:42,107 DEBUG    root            Loaded Command Group: ['gcloud', 'resource_settings']
2024-08-09 13:59:42,108 DEBUG    root            Loaded Command Group: ['gcloud', 'emulators']
2024-08-09 13:59:42,122 DEBUG    root            Loaded Command Group: ['gcloud', 'init']
2024-08-09 13:59:42,148 DEBUG    root            Loaded Command Group: ['gcloud', 'ai_platform']
2024-08-09 13:59:42,149 DEBUG    root            Loaded Command Group: ['gcloud', 'transfer']
2024-08-09 13:59:42,153 DEBUG    root            Loaded Command Group: ['gcloud', 'info']
2024-08-09 13:59:42,154 DEBUG    root            Loaded Command Group: ['gcloud', 'healthcare']
2024-08-09 13:59:42,155 DEBUG    root            Loaded Command Group: ['gcloud', 'secrets']
2024-08-09 13:59:42,156 DEBUG    root            No implementation for release track [GA] for element: [/Users/sterr/Documents/./google-cloud-sdk/lib/surface/beyondcorp]
2024-08-09 13:59:42,156 DEBUG    root            No implementation for release track [GA] for element: [/Users/sterr/Documents/./google-cloud-sdk/lib/surface/kuberun]
2024-08-09 13:59:42,157 DEBUG    root            Loaded Command Group: ['gcloud', 'ml']
2024-08-09 13:59:42,158 DEBUG    root            Loaded Command Group: ['gcloud', 'network_connectivity']
2024-08-09 13:59:42,159 DEBUG    root            Loaded Command Group: ['gcloud', 'active_directory']
2024-08-09 13:59:42,159 DEBUG    root            Loaded Command Group: ['gcloud', 'edge_cache']
2024-08-09 13:59:42,160 DEBUG    root            Loaded Command Group: ['gcloud', 'policy_intelligence']
2024-08-09 13:59:42,161 DEBUG    root            Loaded Command Group: ['gcloud', 'access_approval']
2024-08-09 13:59:42,163 DEBUG    root            Loaded Command Group: ['gcloud', 'access_context_manager']
2024-08-09 13:59:42,164 DEBUG    root            No implementation for release track [GA] for element: [/Users/sterr/Documents/./google-cloud-sdk/lib/surface/firebase_data_connect]
2024-08-09 13:59:42,165 DEBUG    root            Loaded Command Group: ['gcloud', 'certificate_manager']
2024-08-09 13:59:42,165 DEBUG    root            Loaded Command Group: ['gcloud', 'workstations']
2024-08-09 13:59:42,167 DEBUG    root            Loaded Command Group: ['gcloud', 'apigee']
2024-08-09 13:59:42,168 DEBUG    root            Loaded Command Group: ['gcloud', 'backup_dr']
2024-08-09 13:59:42,168 DEBUG    root            No implementation for release track [GA] for element: [/Users/sterr/Documents/./google-cloud-sdk/lib/surface/blockchain_validator]
2024-08-09 13:59:42,310 DEBUG    root            No implementation for release track [GA] for element: [/Users/sterr/Documents/./google-cloud-sdk/lib/surface/interactive]
2024-08-09 13:59:42,311 DEBUG    root            Loaded Command Group: ['gcloud', 'edge_cloud']
2024-08-09 13:59:42,312 DEBUG    root            Loaded Command Group: ['gcloud', 'looker']
2024-08-09 13:59:42,313 DEBUG    root            Loaded Command Group: ['gcloud', 'notebooks']
2024-08-09 13:59:42,314 DEBUG    root            Loaded Command Group: ['gcloud', 'network_services']
2024-08-09 13:59:42,315 DEBUG    root            Loaded Command Group: ['gcloud', 'eventarc']
2024-08-09 13:59:42,317 DEBUG    root            Loaded Command Group: ['gcloud', 'feedback']
2024-08-09 13:59:42,318 DEBUG    root            No implementation for release track [GA] for element: [/Users/sterr/Documents/./google-cloud-sdk/lib/surface/commerce_procurement]
2024-08-09 13:59:42,318 DEBUG    root            No implementation for release track [GA] for element: [/Users/sterr/Documents/./google-cloud-sdk/lib/surface/model_armor]
2024-08-09 13:59:42,319 DEBUG    root            Loaded Command Group: ['gcloud', 'infra_manager']
2024-08-09 13:59:42,319 DEBUG    root            Loaded Command Group: ['gcloud', 'pam']
2024-08-09 13:59:42,320 DEBUG    root            Loaded Command Group: ['gcloud', 'version']
2024-08-09 13:59:42,321 DEBUG    root            Loaded Command Group: ['gcloud', 'policy_troubleshoot']
2024-08-09 13:59:42,322 DEBUG    root            Loaded Command Group: ['gcloud', 'datastream']
2024-08-09 13:59:42,323 DEBUG    root            Loaded Command Group: ['gcloud', 'anthos']
2024-08-09 13:59:42,324 DEBUG    root            Loaded Command Group: ['gcloud', 'firestore']
2024-08-09 13:59:42,336 DEBUG    root            Loaded Command Group: ['gcloud', 'storage']
2024-08-09 13:59:42,338 DEBUG    root            No implementation for release track [GA] for element: [/Users/sterr/Documents/./google-cloud-sdk/lib/surface/parallelstore]
2024-08-09 13:59:42,338 DEBUG    root            Loaded Command Group: ['gcloud', 'vmware']
2024-08-09 13:59:42,339 DEBUG    root            Loaded Command Group: ['gcloud', 'ids']
2024-08-09 13:59:42,340 DEBUG    root            Loaded Command Group: ['gcloud', 'network_security']
2024-08-09 13:59:42,341 DEBUG    root            Loaded Command Group: ['gcloud', 'recommender']
2024-08-09 13:59:42,342 DEBUG    root            Loaded Command Group: ['gcloud', 'service_directory']
2024-08-09 13:59:42,343 DEBUG    root            Loaded Command Group: ['gcloud', 'ml_engine']
2024-08-09 13:59:42,343 DEBUG    root            Loaded Command Group: ['gcloud', 'cheat_sheet']
2024-08-09 13:59:42,344 DEBUG    root            No implementation for release track [GA] for element: [/Users/sterr/Documents/./google-cloud-sdk/lib/surface/datapipelines]
2024-08-09 13:59:42,345 DEBUG    root            Loaded Command Group: ['gcloud', 'source']
2024-08-09 13:59:42,346 DEBUG    root            Loaded Command Group: ['gcloud', 'essential_contacts']
2024-08-09 13:59:42,346 DEBUG    root            No implementation for release track [GA] for element: [/Users/sterr/Documents/./google-cloud-sdk/lib/surface/migration]
2024-08-09 13:59:42,347 DEBUG    root            Loaded Command Group: ['gcloud', 'endpoints']
2024-08-09 13:59:42,348 DEBUG    root            No implementation for release track [GA] for element: [/Users/sterr/Documents/./google-cloud-sdk/lib/surface/lifesciences]
2024-08-09 13:59:42,348 DEBUG    root            Loaded Command Group: ['gcloud', 'components']
2024-08-09 13:59:42,350 DEBUG    root            Loaded Command Group: ['gcloud', 'services']
2024-08-09 13:59:42,351 DEBUG    root            Loaded Command Group: ['gcloud', 'firebase']
2024-08-09 13:59:42,352 DEBUG    root            Loaded Command Group: ['gcloud', 'spanner']
2024-08-09 13:59:42,357 DEBUG    root            Loaded Command Group: ['gcloud', 'help']
2024-08-09 13:59:42,358 DEBUG    root            Loaded Command Group: ['gcloud', 'meta']
2024-08-09 13:59:42,359 DEBUG    root            Loaded Command Group: ['gcloud', 'privateca']
2024-08-09 13:59:42,360 DEBUG    root            No implementation for release track [GA] for element: [/Users/sterr/Documents/./google-cloud-sdk/lib/surface/number_registry]
2024-08-09 13:59:42,360 DEBUG    root            No implementation for release track [GA] for element: [/Users/sterr/Documents/./google-cloud-sdk/lib/surface/remote_build_execution]
2024-08-09 13:59:42,361 DEBUG    root            No implementation for release track [GA] for element: [/Users/sterr/Documents/./google-cloud-sdk/lib/surface/web_security_scanner]
2024-08-09 13:59:42,361 DEBUG    root            No implementation for release track [GA] for element: [/Users/sterr/Documents/./google-cloud-sdk/lib/surface/data_fusion]
2024-08-09 13:59:42,362 DEBUG    root            Loaded Command Group: ['gcloud', 'service_extensions']
2024-08-09 13:59:42,363 DEBUG    root            Loaded Command Group: ['gcloud', 'telco_automation']
2024-08-09 13:59:42,363 DEBUG    root            Loaded Command Group: ['gcloud', 'deploy']
2024-08-09 13:59:42,364 DEBUG    root            Loaded Command Group: ['gcloud', 'auth']
2024-08-09 13:59:42,365 DEBUG    root            Loaded Command Group: ['gcloud', 'identity']
2024-08-09 13:59:42,366 DEBUG    root            Loaded Command Group: ['gcloud', 'kms']
2024-08-09 13:59:42,367 DEBUG    root            Loaded Command Group: ['gcloud', 'netapp']
2024-08-09 13:59:42,368 DEBUG    root            Loaded Command Group: ['gcloud', 'dataplex']
2024-08-09 13:59:42,369 DEBUG    root            No implementation for release track [GA] for element: [/Users/sterr/Documents/./google-cloud-sdk/lib/surface/source_manager]
2024-08-09 13:59:42,371 DEBUG    root            No implementation for release track [GA] for element: [/Users/sterr/Documents/./google-cloud-sdk/lib/surface/stacks]
2024-08-09 13:59:42,372 DEBUG    root            Loaded Command Group: ['gcloud', 'batch']
2024-08-09 13:59:42,373 DEBUG    root            No implementation for release track [GA] for element: [/Users/sterr/Documents/./google-cloud-sdk/lib/surface/managed_kafka]
2024-08-09 13:59:42,373 DEBUG    root            No implementation for release track [GA] for element: [/Users/sterr/Documents/./google-cloud-sdk/lib/surface/resource_config]
2024-08-09 13:59:42,374 DEBUG    root            Loaded Command Group: ['gcloud', 'workflows']
2024-08-09 13:59:42,374 DEBUG    root            Loaded Command Group: ['gcloud', 'database_migration']
2024-08-09 13:59:42,375 DEBUG    root            No implementation for release track [GA] for element: [/Users/sterr/Documents/./google-cloud-sdk/lib/surface/seclm]
2024-08-09 13:59:42,376 DEBUG    root            Loaded Command Group: ['gcloud', 'monitoring']
2024-08-09 13:59:42,376 DEBUG    root            No implementation for release track [GA] for element: [/Users/sterr/Documents/./google-cloud-sdk/lib/surface/quotas]
2024-08-09 13:59:42,377 DEBUG    root            Loaded Command Group: ['gcloud', 'transcoder']
2024-08-09 13:59:42,381 DEBUG    root            Loaded Command Group: ['gcloud', 'functions']
2024-08-09 13:59:42,382 DEBUG    root            Loaded Command Group: ['gcloud', 'workspace_add_ons']
2024-08-09 13:59:42,382 DEBUG    root            No implementation for release track [GA] for element: [/Users/sterr/Documents/./google-cloud-sdk/lib/surface/mps]
2024-08-09 13:59:42,383 DEBUG    root            Loaded Command Group: ['gcloud', 'billing']
2024-08-09 13:59:42,384 DEBUG    root            No implementation for release track [GA] for element: [/Users/sterr/Documents/./google-cloud-sdk/lib/surface/developer_connect]
2024-08-09 13:59:42,384 DEBUG    root            No implementation for release track [GA] for element: [/Users/sterr/Documents/./google-cloud-sdk/lib/surface/error_reporting]
2024-08-09 13:59:42,385 DEBUG    root            No implementation for release track [GA] for element: [/Users/sterr/Documents/./google-cloud-sdk/lib/surface/managed_flink]
2024-08-09 13:59:42,386 DEBUG    root            Loaded Command Group: ['gcloud', 'app']
2024-08-09 13:59:42,386 DEBUG    root            Loaded Command Group: ['gcloud', 'redis']
2024-08-09 13:59:42,387 DEBUG    root            Loaded Command Group: ['gcloud', 'ai']
2024-08-09 13:59:42,388 DEBUG    root            Loaded Command Group: ['gcloud', 'projects']
2024-08-09 13:59:42,389 DEBUG    root            Loaded Command Group: ['gcloud', 'workbench']
2024-08-09 13:59:42,390 DEBUG    root            Loaded Command Group: ['gcloud', 'topic']
2024-08-09 13:59:42,391 DEBUG    root            Loaded Command Group: ['gcloud', 'resource_manager']
2024-08-09 13:59:42,392 DEBUG    root            No implementation for release track [GA] for element: [/Users/sterr/Documents/./google-cloud-sdk/lib/surface/dataproc_gdc]
2024-08-09 13:59:42,392 DEBUG    root            Loaded Command Group: ['gcloud', 'alloydb']
2024-08-09 13:59:42,393 DEBUG    root            Loaded Command Group: ['gcloud', 'memcache']
2024-08-09 13:59:42,394 DEBUG    root            No implementation for release track [GA] for element: [/Users/sterr/Documents/./google-cloud-sdk/lib/surface/terraform]
2024-08-09 13:59:42,394 DEBUG    root            No implementation for release track [GA] for element: [/Users/sterr/Documents/./google-cloud-sdk/lib/surface/fault_injection]
2024-08-09 13:59:42,395 DEBUG    root            Loaded Command Group: ['gcloud', 'data_catalog']
2024-08-09 13:59:42,396 DEBUG    root            Loaded Command Group: ['gcloud', 'dataproc']
2024-08-09 13:59:42,397 DEBUG    root            Loaded Command Group: ['gcloud', 'asset']
2024-08-09 13:59:42,398 DEBUG    root            No implementation for release track [GA] for element: [/Users/sterr/Documents/./google-cloud-sdk/lib/surface/dlp]
2024-08-09 13:59:42,399 DEBUG    root            Loaded Command Group: ['gcloud', 'pubsub']
2024-08-09 13:59:42,400 DEBUG    root            No implementation for release track [GA] for element: [/Users/sterr/Documents/./google-cloud-sdk/lib/surface/bq]
2024-08-09 13:59:42,400 DEBUG    root            Loaded Command Group: ['gcloud', 'publicca']
2024-08-09 13:59:42,401 DEBUG    root            No implementation for release track [GA] for element: [/Users/sterr/Documents/./google-cloud-sdk/lib/surface/media]
2024-08-09 13:59:42,401 DEBUG    root            Loaded Command Group: ['gcloud', 'sql']
2024-08-09 13:59:42,402 DEBUG    root            Loaded Command Group: ['gcloud', 'unlock']
2024-08-09 13:59:42,494 DEBUG    root            Loaded Command Group: ['gcloud', 'builds']
2024-08-09 13:59:42,495 DEBUG    root            Loaded Command Group: ['gcloud', 'network_management']
2024-08-09 13:59:42,495 DEBUG    root            No implementation for release track [GA] for element: [/Users/sterr/Documents/./google-cloud-sdk/lib/surface/trace]
2024-08-09 13:59:42,496 DEBUG    root            Loaded Command Group: ['gcloud', 'api_gateway']
2024-08-09 13:59:42,497 DEBUG    root            Loaded Command Group: ['gcloud', 'apphub']
2024-08-09 13:59:42,498 DEBUG    root            Loaded Command Group: ['gcloud', 'bms']
2024-08-09 13:59:42,499 DEBUG    root            Loaded Command Group: ['gcloud', 'dns']
2024-08-09 13:59:42,500 DEBUG    root            Loaded Command Group: ['gcloud', 'org_policies']
2024-08-09 13:59:42,501 DEBUG    root            Loaded Command Group: ['gcloud', 'recaptcha']
2024-08-09 13:59:42,502 DEBUG    root            Loaded Command Group: ['gcloud', 'scc']
2024-08-09 13:59:42,502 DEBUG    root            Loaded Command Group: ['gcloud', 'iam']
2024-08-09 13:59:42,505 DEBUG    root            Loaded Command Group: ['gcloud', 'immersive_stream']
2024-08-09 13:59:42,505 DEBUG    root            Loaded Command Group: ['gcloud', 'filestore']
2024-08-09 13:59:42,506 DEBUG    root            Loaded Command Group: ['gcloud', 'artifacts']
2024-08-09 13:59:42,507 DEBUG    root            Loaded Command Group: ['gcloud', 'logging']
2024-08-09 13:59:42,508 DEBUG    root            No implementation for release track [GA] for element: [/Users/sterr/Documents/./google-cloud-sdk/lib/surface/blockchain_node_engine]
2024-08-09 13:59:42,509 DEBUG    root            Loaded Command Group: ['gcloud', 'metastore']
2024-08-09 13:59:42,514 DEBUG    root            Loaded Command Group: ['gcloud', 'survey']
2024-08-09 13:59:42,517 DEBUG    root            Loaded Command Group: ['gcloud', 'docker']
2024-08-09 13:59:42,518 DEBUG    root            Loaded Command Group: ['gcloud', 'authz_toolkit']
2024-08-09 13:59:42,519 DEBUG    root            No implementation for release track [GA] for element: [/Users/sterr/Documents/./google-cloud-sdk/lib/surface/audit_manager]
2024-08-09 13:59:42,519 DEBUG    root            Loaded Command Group: ['gcloud', 'config']
2024-08-09 13:59:42,520 DEBUG    root            No implementation for release track [GA] for element: [/Users/sterr/Documents/./google-cloud-sdk/lib/surface/cbrs_spectrum_access]
2024-08-09 13:59:42,521 DEBUG    root            Loaded Command Group: ['gcloud', 'run']
2024-08-09 13:59:42,521 DEBUG    root            Loaded Command Group: ['gcloud', 'orglifecycle']
2024-08-09 13:59:42,522 ERROR    root            (gcloud) Invalid choice: 'gcloud'.
