2024-08-09 13:59:58,619 DEBUG    root            No implementation for release track [GA] for element: [/Users/sterr/Documents/./google-cloud-sdk/lib/surface/seclm]
2024-08-09 13:59:58,619 DEBUG    root            No implementation for release track [GA] for element: [/Users/sterr/Documents/./google-cloud-sdk/lib/surface/lifesciences]
2024-08-09 13:59:58,620 DEBUG    root            Loaded Command Group: ['gcloud', 'composer']
2024-08-09 13:59:58,620 DEBUG    root            Loaded Command Group: ['gcloud', 'pubsub']
2024-08-09 13:59:58,621 DEBUG    root            Loaded Command Group: ['gcloud', 'app']
2024-08-09 13:59:58,621 DEBUG    root            Loaded Command Group: ['gcloud', 'firebase']
2024-08-09 13:59:58,621 DEBUG    root            Loaded Command Group: ['gcloud', 'apigee']
2024-08-09 13:59:58,622 DEBUG    root            No implementation for release track [GA] for element: [/Users/sterr/Documents/./google-cloud-sdk/lib/surface/developer_connect]
2024-08-09 13:59:58,622 DEBUG    root            No implementation for release track [GA] for element: [/Users/sterr/Documents/./google-cloud-sdk/lib/surface/commerce_procurement]
2024-08-09 13:59:58,622 DEBUG    root            Loaded Command Group: ['gcloud', 'workstations']
2024-08-09 13:59:58,623 DEBUG    root            Loaded Command Group: ['gcloud', 'transcoder']
2024-08-09 13:59:58,626 DEBUG    root            Loaded Command Group: ['gcloud', 'survey']
2024-08-09 13:59:58,627 DEBUG    root            Loaded Command Group: ['gcloud', 'workflows']
2024-08-09 13:59:58,627 DEBUG    root            Loaded Command Group: ['gcloud', 'organizations']
2024-08-09 13:59:58,628 DEBUG    root            No implementation for release track [GA] for element: [/Users/sterr/Documents/./google-cloud-sdk/lib/surface/blockchain_node_engine]
2024-08-09 13:59:58,628 DEBUG    root            No implementation for release track [GA] for element: [/Users/sterr/Documents/./google-cloud-sdk/lib/surface/trace]
2024-08-09 13:59:58,628 DEBUG    root            Loaded Command Group: ['gcloud', 'service_extensions']
2024-08-09 13:59:58,628 DEBUG    root            No implementation for release track [GA] for element: [/Users/sterr/Documents/./google-cloud-sdk/lib/surface/datapipelines]
2024-08-09 13:59:58,629 DEBUG    root            Loaded Command Group: ['gcloud', 'ids']
2024-08-09 13:59:58,629 DEBUG    root            No implementation for release track [GA] for element: [/Users/sterr/Documents/./google-cloud-sdk/lib/surface/oracle_database]
2024-08-09 13:59:58,629 DEBUG    root            Loaded Command Group: ['gcloud', 'domains']
2024-08-09 13:59:58,646 DEBUG    root            Loaded Command Group: ['gcloud', 'ai_platform']
2024-08-09 13:59:58,647 DEBUG    root            Loaded Command Group: ['gcloud', 'asset']
2024-08-09 13:59:58,648 DEBUG    root            Loaded Command Group: ['gcloud', 'recommender']
2024-08-09 13:59:58,653 DEBUG    root            Loaded Command Group: ['gcloud', 'storage']
2024-08-09 13:59:58,653 DEBUG    root            Loaded Command Group: ['gcloud', 'policy_intelligence']
2024-08-09 13:59:58,654 DEBUG    root            Loaded Command Group: ['gcloud', 'netapp']
2024-08-09 13:59:58,655 DEBUG    root            No implementation for release track [GA] for element: [/Users/sterr/Documents/./google-cloud-sdk/lib/surface/code]
2024-08-09 13:59:58,655 DEBUG    root            No implementation for release track [GA] for element: [/Users/sterr/Documents/./google-cloud-sdk/lib/surface/blockchain_validator]
2024-08-09 13:59:58,656 DEBUG    root            Loaded Command Group: ['gcloud', 'certificate_manager']
2024-08-09 13:59:58,656 DEBUG    root            Loaded Command Group: ['gcloud', 'meta']
2024-08-09 13:59:58,657 DEBUG    root            Loaded Command Group: ['gcloud', 'functions']
2024-08-09 13:59:58,657 DEBUG    root            Loaded Command Group: ['gcloud', 'backup_dr']
2024-08-09 13:59:58,658 DEBUG    root            No implementation for release track [GA] for element: [/Users/sterr/Documents/./google-cloud-sdk/lib/surface/web_security_scanner]
2024-08-09 13:59:58,658 DEBUG    root            Loaded Command Group: ['gcloud', 'eventarc']
2024-08-09 13:59:58,658 DEBUG    root            Loaded Command Group: ['gcloud', 'privateca']
2024-08-09 13:59:58,683 DEBUG    root            Loaded Command Group: ['gcloud', 'builds']
2024-08-09 13:59:58,683 DEBUG    root            Loaded Command Group: ['gcloud', 'ml_engine']
2024-08-09 13:59:58,683 DEBUG    root            Loaded Command Group: ['gcloud', 'dataflow']
2024-08-09 13:59:58,684 DEBUG    root            Loaded Command Group: ['gcloud', 'alloydb']
2024-08-09 13:59:58,684 DEBUG    root            Loaded Command Group: ['gcloud', 'firestore']
2024-08-09 13:59:58,685 DEBUG    root            Loaded Command Group: ['gcloud', 'monitoring']
2024-08-09 13:59:58,685 DEBUG    root            Loaded Command Group: ['gcloud', 'metastore']
2024-08-09 13:59:58,686 DEBUG    root            No implementation for release track [GA] for element: [/Users/sterr/Documents/./google-cloud-sdk/lib/surface/source_manager]
2024-08-09 13:59:58,686 DEBUG    root            Loaded Command Group: ['gcloud', 'network_services']
2024-08-09 13:59:58,686 DEBUG    root            Loaded Command Group: ['gcloud', 'vmware']
2024-08-09 13:59:58,686 DEBUG    root            No implementation for release track [GA] for element: [/Users/sterr/Documents/./google-cloud-sdk/lib/surface/dataproc_gdc]
2024-08-09 13:59:58,688 DEBUG    root            Loaded Command Group: ['gcloud', 'feedback']
2024-08-09 13:59:58,688 DEBUG    root            No implementation for release track [GA] for element: [/Users/sterr/Documents/./google-cloud-sdk/lib/surface/firebase_data_connect]
2024-08-09 13:59:58,688 DEBUG    root            Loaded Command Group: ['gcloud', 'network_management']
2024-08-09 13:59:58,689 DEBUG    root            No implementation for release track [GA] for element: [/Users/sterr/Documents/./google-cloud-sdk/lib/surface/quotas]
2024-08-09 13:59:58,689 DEBUG    root            Loaded Command Group: ['gcloud', 'publicca']
2024-08-09 13:59:58,689 DEBUG    root            Loaded Command Group: ['gcloud', 'artifacts']
2024-08-09 13:59:58,691 DEBUG    root            Loaded Command Group: ['gcloud', 'info']
2024-08-09 13:59:58,691 DEBUG    root            Loaded Command Group: ['gcloud', 'sql']
2024-08-09 13:59:58,692 DEBUG    root            Loaded Command Group: ['gcloud', 'scc']
2024-08-09 13:59:58,692 DEBUG    root            No implementation for release track [GA] for element: [/Users/sterr/Documents/./google-cloud-sdk/lib/surface/terraform]
2024-08-09 13:59:58,693 DEBUG    root            No implementation for release track [GA] for element: [/Users/sterr/Documents/./google-cloud-sdk/lib/surface/beyondcorp]
2024-08-09 13:59:58,693 DEBUG    root            No implementation for release track [GA] for element: [/Users/sterr/Documents/./google-cloud-sdk/lib/surface/remote_build_execution]
2024-08-09 13:59:58,693 DEBUG    root            No implementation for release track [GA] for element: [/Users/sterr/Documents/./google-cloud-sdk/lib/surface/parallelstore]
2024-08-09 13:59:58,693 DEBUG    root            Loaded Command Group: ['gcloud', 'dns']
2024-08-09 13:59:58,693 DEBUG    root            Loaded Command Group: ['gcloud', 'logging']
2024-08-09 13:59:58,694 DEBUG    root            Loaded Command Group: ['gcloud', 'memcache']
2024-08-09 13:59:58,694 DEBUG    root            Loaded Command Group: ['gcloud', 'pam']
2024-08-09 13:59:58,694 DEBUG    root            Loaded Command Group: ['gcloud', 'datastore']
2024-08-09 13:59:58,695 DEBUG    root            Loaded Command Group: ['gcloud', 'edge_cache']
2024-08-09 13:59:58,695 DEBUG    root            No implementation for release track [GA] for element: [/Users/sterr/Documents/./google-cloud-sdk/lib/surface/kuberun]
2024-08-09 13:59:58,696 DEBUG    root            No implementation for release track [GA] for element: [/Users/sterr/Documents/./google-cloud-sdk/lib/surface/number_registry]
2024-08-09 13:59:58,696 DEBUG    root            Loaded Command Group: ['gcloud', 'telco_automation']
2024-08-09 13:59:58,696 DEBUG    root            Loaded Command Group: ['gcloud', 'essential_contacts']
2024-08-09 13:59:58,697 DEBUG    root            Loaded Command Group: ['gcloud', 'endpoints']
2024-08-09 13:59:58,699 DEBUG    root            Loaded Command Group: ['gcloud', 'help']
2024-08-09 13:59:58,700 DEBUG    root            No implementation for release track [GA] for element: [/Users/sterr/Documents/./google-cloud-sdk/lib/surface/genomics]
2024-08-09 13:59:58,700 DEBUG    root            Loaded Command Group: ['gcloud', 'docker']
2024-08-09 13:59:58,701 DEBUG    root            Loaded Command Group: ['gcloud', 'bms']
2024-08-09 13:59:58,701 DEBUG    root            Loaded Command Group: ['gcloud', 'iap']
2024-08-09 13:59:58,702 DEBUG    root            Loaded Command Group: ['gcloud', 'kms']
2024-08-09 13:59:58,702 DEBUG    root            Loaded Command Group: ['gcloud', 'service_directory']
2024-08-09 13:59:58,702 DEBUG    root            No implementation for release track [GA] for element: [/Users/sterr/Documents/./google-cloud-sdk/lib/surface/cbrs_spectrum_access]
2024-08-09 13:59:58,703 DEBUG    root            Loaded Command Group: ['gcloud', 'dataproc']
2024-08-09 13:59:58,703 DEBUG    root            Loaded Command Group: ['gcloud', 'auth']
2024-08-09 13:59:58,704 DEBUG    root            Loaded Command Group: ['gcloud', 'infra_manager']
2024-08-09 13:59:58,716 DEBUG    root            Loaded Command Group: ['gcloud', 'compute']
2024-08-09 13:59:58,717 DEBUG    root            Loaded Command Group: ['gcloud', 'orglifecycle']
2024-08-09 13:59:58,717 DEBUG    root            No implementation for release track [GA] for element: [/Users/sterr/Documents/./google-cloud-sdk/lib/surface/dlp]
2024-08-09 13:59:58,717 DEBUG    root            Loaded Command Group: ['gcloud', 'run']
2024-08-09 13:59:58,717 DEBUG    root            Loaded Command Group: ['gcloud', 'components']
2024-08-09 13:59:58,718 DEBUG    root            Loaded Command Group: ['gcloud', 'authz_toolkit']
2024-08-09 13:59:58,719 DEBUG    root            Loaded Command Group: ['gcloud', 'active_directory']
2024-08-09 13:59:58,719 DEBUG    root            Loaded Command Group: ['gcloud', 'apphub']
2024-08-09 13:59:58,719 DEBUG    root            Loaded Command Group: ['gcloud', 'deployment_manager']
2024-08-09 13:59:58,720 DEBUG    root            Loaded Command Group: ['gcloud', 'workbench']
2024-08-09 13:59:58,720 DEBUG    root            No implementation for release track [GA] for element: [/Users/sterr/Documents/./google-cloud-sdk/lib/surface/dialogflow]
2024-08-09 13:59:58,720 DEBUG    root            Loaded Command Group: ['gcloud', 'cloud_shell']
2024-08-09 13:59:58,721 DEBUG    root            Loaded Command Group: ['gcloud', 'network_connectivity']
2024-08-09 13:59:58,721 DEBUG    root            Loaded Command Group: ['gcloud', 'access_context_manager']
2024-08-09 13:59:58,722 DEBUG    root            Loaded Command Group: ['gcloud', 'notebooks']
2024-08-09 13:59:58,722 DEBUG    root            Loaded Command Group: ['gcloud', 'edge_cloud']
2024-08-09 13:59:58,723 DEBUG    root            Loaded Command Group: ['gcloud', 'assured']
2024-08-09 13:59:58,723 DEBUG    root            Loaded Command Group: ['gcloud', 'recaptcha']
2024-08-09 13:59:58,723 DEBUG    root            Loaded Command Group: ['gcloud', 'billing']
2024-08-09 13:59:58,724 DEBUG    root            Loaded Command Group: ['gcloud', 'secrets']
2024-08-09 13:59:58,724 DEBUG    root            No implementation for release track [GA] for element: [/Users/sterr/Documents/./google-cloud-sdk/lib/surface/microservices]
2024-08-09 13:59:58,726 DEBUG    root            Loaded Command Group: ['gcloud', 'projects']
2024-08-09 13:59:58,750 DEBUG    root            No implementation for release track [GA] for element: [/Users/sterr/Documents/./google-cloud-sdk/lib/surface/interactive]
2024-08-09 13:59:58,751 DEBUG    root            No implementation for release track [GA] for element: [/Users/sterr/Documents/./google-cloud-sdk/lib/surface/bq]
2024-08-09 13:59:58,751 DEBUG    root            Loaded Command Group: ['gcloud', 'looker']
2024-08-09 13:59:58,751 DEBUG    root            Loaded Command Group: ['gcloud', 'services']
2024-08-09 13:59:58,752 DEBUG    root            Loaded Command Group: ['gcloud', 'init']
2024-08-09 13:59:58,753 DEBUG    root            Loaded Command Group: ['gcloud', 'source']
2024-08-09 13:59:58,753 DEBUG    root            Loaded Command Group: ['gcloud', 'network_security']
2024-08-09 13:59:58,754 DEBUG    root            Loaded Command Group: ['gcloud', 'access_approval']
2024-08-09 13:59:58,754 DEBUG    root            Loaded Command Group: ['gcloud', 'database_migration']
2024-08-09 13:59:58,755 DEBUG    root            No implementation for release track [GA] for element: [/Users/sterr/Documents/./google-cloud-sdk/lib/surface/runtime_config]
2024-08-09 13:59:58,756 DEBUG    root            Loaded Command Group: ['gcloud', 'resource_settings']
2024-08-09 13:59:58,756 DEBUG    root            Loaded Command Group: ['gcloud', 'filestore']
2024-08-09 13:59:58,757 DEBUG    root            No implementation for release track [GA] for element: [/Users/sterr/Documents/./google-cloud-sdk/lib/surface/stacks]
2024-08-09 13:59:58,757 DEBUG    root            Loaded Command Group: ['gcloud', 'datastream']
2024-08-09 13:59:58,757 DEBUG    root            Loaded Command Group: ['gcloud', 'unlock']
2024-08-09 13:59:58,758 DEBUG    root            Loaded Command Group: ['gcloud', 'anthos']
2024-08-09 13:59:58,758 DEBUG    root            No implementation for release track [GA] for element: [/Users/sterr/Documents/./google-cloud-sdk/lib/surface/media]
2024-08-09 13:59:58,758 DEBUG    root            Loaded Command Group: ['gcloud', 'ml']
2024-08-09 13:59:58,759 DEBUG    root            Loaded Command Group: ['gcloud', 'healthcare']
2024-08-09 13:59:58,759 DEBUG    root            Loaded Command Group: ['gcloud', 'ai']
2024-08-09 13:59:58,759 DEBUG    root            Loaded Command Group: ['gcloud', 'spanner']
2024-08-09 13:59:58,760 DEBUG    root            No implementation for release track [GA] for element: [/Users/sterr/Documents/./google-cloud-sdk/lib/surface/managed_flink]
2024-08-09 13:59:58,760 DEBUG    root            No implementation for release track [GA] for element: [/Users/sterr/Documents/./google-cloud-sdk/lib/surface/error_reporting]
2024-08-09 13:59:58,760 DEBUG    root            No implementation for release track [GA] for element: [/Users/sterr/Documents/./google-cloud-sdk/lib/surface/migration]
2024-08-09 13:59:58,760 DEBUG    root            Loaded Command Group: ['gcloud', 'data_catalog']
2024-08-09 13:59:58,760 DEBUG    root            Loaded Command Group: ['gcloud', 'batch']
2024-08-09 13:59:58,761 DEBUG    root            Loaded Command Group: ['gcloud', 'iam']
2024-08-09 13:59:58,761 DEBUG    root            No implementation for release track [GA] for element: [/Users/sterr/Documents/./google-cloud-sdk/lib/surface/spectrum_access]
2024-08-09 13:59:58,761 DEBUG    root            Loaded Command Group: ['gcloud', 'dataplex']
2024-08-09 13:59:58,762 DEBUG    root            Loaded Command Group: ['gcloud', 'transfer']
2024-08-09 13:59:58,762 DEBUG    root            Loaded Command Group: ['gcloud', 'scheduler']
2024-08-09 13:59:58,762 DEBUG    root            No implementation for release track [GA] for element: [/Users/sterr/Documents/./google-cloud-sdk/lib/surface/mps]
2024-08-09 13:59:58,762 DEBUG    root            Loaded Command Group: ['gcloud', 'version']
2024-08-09 13:59:58,763 DEBUG    root            No implementation for release track [GA] for element: [/Users/sterr/Documents/./google-cloud-sdk/lib/surface/audit_manager]
2024-08-09 13:59:58,763 DEBUG    root            Loaded Command Group: ['gcloud', 'deploy']
2024-08-09 13:59:58,763 DEBUG    root            No implementation for release track [GA] for element: [/Users/sterr/Documents/./google-cloud-sdk/lib/surface/resource_config]
2024-08-09 13:59:58,763 DEBUG    root            Loaded Command Group: ['gcloud', 'emulators']
2024-08-09 13:59:58,764 DEBUG    root            Loaded Command Group: ['gcloud', 'redis']
2024-08-09 13:59:58,764 DEBUG    root            Loaded Command Group: ['gcloud', 'immersive_stream']
2024-08-09 13:59:58,764 DEBUG    root            Loaded Command Group: ['gcloud', 'api_gateway']
2024-08-09 13:59:58,765 DEBUG    root            Loaded Command Group: ['gcloud', 'identity']
2024-08-09 13:59:58,765 DEBUG    root            Loaded Command Group: ['gcloud', 'topic']
2024-08-09 13:59:58,765 DEBUG    root            No implementation for release track [GA] for element: [/Users/sterr/Documents/./google-cloud-sdk/lib/surface/model_armor]
2024-08-09 13:59:58,765 DEBUG    root            Loaded Command Group: ['gcloud', 'workspace_add_ons']
2024-08-09 13:59:58,766 DEBUG    root            Loaded Command Group: ['gcloud', 'resource_manager']
2024-08-09 13:59:58,766 DEBUG    root            Loaded Command Group: ['gcloud', 'cheat_sheet']
2024-08-09 13:59:58,767 DEBUG    root            Loaded Command Group: ['gcloud', 'org_policies']
2024-08-09 13:59:58,767 DEBUG    root            Loaded Command Group: ['gcloud', 'policy_troubleshoot']
2024-08-09 13:59:58,767 DEBUG    root            Loaded Command Group: ['gcloud', 'tasks']
2024-08-09 13:59:58,768 DEBUG    root            Loaded Command Group: ['gcloud', 'config']
2024-08-09 13:59:58,768 DEBUG    root            No implementation for release track [GA] for element: [/Users/sterr/Documents/./google-cloud-sdk/lib/surface/managed_kafka]
2024-08-09 13:59:58,769 DEBUG    root            No implementation for release track [GA] for element: [/Users/sterr/Documents/./google-cloud-sdk/lib/surface/fault_injection]
2024-08-09 13:59:58,769 DEBUG    root            No implementation for release track [GA] for element: [/Users/sterr/Documents/./google-cloud-sdk/lib/surface/data_fusion]
2024-08-09 13:59:58,769 ERROR    root            (gcloud) Invalid choice: 'gcloud'.
