2024-08-09 13:52:39,718 DEBUG    root            Loaded Command Group: ['gcloud', 'auth']
2024-08-09 13:52:39,719 DEBUG    root            Loaded Command Group: ['gcloud', 'auth', 'application_default']
2024-08-09 13:52:39,732 DEBUG    root            Loaded Command Group: ['gcloud', 'auth', 'application-default', 'login']
2024-08-09 13:52:39,733 DEBUG    root            Running [gcloud.auth.application-default.login] with arguments: []
2024-08-09 13:52:39,767 DEBUG    requests_oauthlib.oauth2_session Generated new state 6QQYiYiIK78kML0MDHcAKwJhdgzREB.
2024-08-09 13:52:39,929 INFO     ___FILE_ONLY___ Your browser has been opened to visit:

    https://accounts.google.com/o/oauth2/auth?response_type=code&client_id=764086051850-6qr4p6gpi6hn506pt8ejuq83di341hur.apps.googleusercontent.com&redirect_uri=http%3A%2F%2Flocalhost%3A8085%2F&scope=openid+https%3A%2F%2Fwww.googleapis.com%2Fauth%2Fuserinfo.email+https%3A%2F%2Fwww.googleapis.com%2Fauth%2Fcloud-platform+https%3A%2F%2Fwww.googleapis.com%2Fauth%2Fsqlservice.login&state=6QQYiYiIK78kML0MDHcAKwJhdgzREB&access_type=offline&code_challenge=fLCf4m0Qlso-sVg9Zae2R-EGLk2JbeTK1gyuVxep4hI&code_challenge_method=S256


2024-08-09 13:52:52,632 INFO     google_auth_oauthlib.flow "GET /?state=6QQYiYiIK78kML0MDHcAKwJhdgzREB&code=4/0AcvDMrBjonY5gslK2Vi9I4Km9xHwKYCeNjfzOiybtL_7KV84qJAk3kfCqU5cSe5EwXJRyw&scope=email%20openid%20https://www.googleapis.com/auth/userinfo.email%20https://www.googleapis.com/auth/cloud-platform%20https://www.googleapis.com/auth/sqlservice.login&authuser=0&prompt=consent HTTP/1.1" 200 959
2024-08-09 13:52:52,634 DEBUG    requests_oauthlib.oauth2_session Requesting url https://oauth2.googleapis.com/token using method POST.
2024-08-09 13:52:52,634 DEBUG    requests_oauthlib.oauth2_session Supplying headers {b'Accept': b'application/json', b'Content-Type': b'application/x-www-form-urlencoded;charset=UTF-8', b'user-agent': b'google-cloud-sdk gcloud/487.0.0 command/gcloud.auth.application-default.login invocation-id/6ed323a7fcf14d7c8a2a2ddb502febd2 environment/None environment-version/None client-os/MACOSX client-os-ver/23.5.0 client-pltf-arch/arm interactive/True from-script/False python/3.11.1 term/xterm-256color (Macintosh; Intel Mac OS X 23.5.0)'} and data {'grant_type': 'authorization_code', 'client_id': '764086051850-6qr4p6gpi6hn506pt8ejuq83di341hur.apps.googleusercontent.com', 'client_secret': 'd-FL95Q19q7MQmFpd7hHD0Ty', 'code': '4/0AcvDMrBjonY5gslK2Vi9I4Km9xHwKYCeNjfzOiybtL_7KV84qJAk3kfCqU5cSe5EwXJRyw', 'redirect_uri': 'http://localhost:8085/', 'code_verifier': 'ykFDRC.skJmefaen2WL8K.pv.HjBP.MLoSAP9N2BBAtRBOXzEmhHmAbqVZ.tHB957wTveBo8ihyBhkpNbj5RgA1eXTsEu_r5E_qgf5dFj61aRd2A71KCFmiWsDb0s9-t'}
2024-08-09 13:52:52,634 DEBUG    requests_oauthlib.oauth2_session Passing through key word arguments {'json': None, 'timeout': None, 'auth': None, 'verify': None, 'proxies': None}.
2024-08-09 13:52:52,671 DEBUG    urllib3.connectionpool Starting new HTTPS connection (1): oauth2.googleapis.com:443
2024-08-09 13:52:52,923 DEBUG    urllib3.connectionpool https://oauth2.googleapis.com:443 "POST /token HTTP/1.1" 200 None
2024-08-09 13:52:52,924 DEBUG    requests_oauthlib.oauth2_session Prepared fetch token request body grant_type=authorization_code&client_id=764086051850-6qr4p6gpi6hn506pt8ejuq83di341hur.apps.googleusercontent.com&client_secret=d-FL95Q19q7MQmFpd7hHD0Ty&code=4%2F0AcvDMrBjonY5gslK2Vi9I4Km9xHwKYCeNjfzOiybtL_7KV84qJAk3kfCqU5cSe5EwXJRyw&redirect_uri=http%3A%2F%2Flocalhost%3A8085%2F&code_verifier=ykFDRC.skJmefaen2WL8K.pv.HjBP.MLoSAP9N2BBAtRBOXzEmhHmAbqVZ.tHB957wTveBo8ihyBhkpNbj5RgA1eXTsEu_r5E_qgf5dFj61aRd2A71KCFmiWsDb0s9-t
2024-08-09 13:52:52,925 DEBUG    requests_oauthlib.oauth2_session Request to fetch token completed with status 200.
2024-08-09 13:52:52,925 DEBUG    requests_oauthlib.oauth2_session Request headers were {'user-agent': b'google-cloud-sdk gcloud/487.0.0 command/gcloud.auth.application-default.login invocation-id/6ed323a7fcf14d7c8a2a2ddb502febd2 environment/None environment-version/None client-os/MACOSX client-os-ver/23.5.0 client-pltf-arch/arm interactive/True from-script/False python/3.11.1 term/xterm-256color (Macintosh; Intel Mac OS X 23.5.0)', 'Accept-Encoding': 'gzip, deflate', 'Accept': b'application/json', 'Connection': 'keep-alive', 'Content-Type': b'application/x-www-form-urlencoded;charset=UTF-8', 'Content-Length': '421'}
2024-08-09 13:52:52,925 DEBUG    requests_oauthlib.oauth2_session Request body was grant_type=authorization_code&client_id=764086051850-6qr4p6gpi6hn506pt8ejuq83di341hur.apps.googleusercontent.com&client_secret=d-FL95Q19q7MQmFpd7hHD0Ty&code=4%2F0AcvDMrBjonY5gslK2Vi9I4Km9xHwKYCeNjfzOiybtL_7KV84qJAk3kfCqU5cSe5EwXJRyw&redirect_uri=http%3A%2F%2Flocalhost%3A8085%2F&code_verifier=ykFDRC.skJmefaen2WL8K.pv.HjBP.MLoSAP9N2BBAtRBOXzEmhHmAbqVZ.tHB957wTveBo8ihyBhkpNbj5RgA1eXTsEu_r5E_qgf5dFj61aRd2A71KCFmiWsDb0s9-t
2024-08-09 13:52:52,925 DEBUG    requests_oauthlib.oauth2_session Response headers were {'Date': 'Fri, 09 Aug 2024 10:52:52 GMT', 'Expires': 'Mon, 01 Jan 1990 00:00:00 GMT', 'Cache-Control': 'no-cache, no-store, max-age=0, must-revalidate', 'Pragma': 'no-cache', 'Content-Type': 'application/json; charset=utf-8', 'Vary': 'Origin, X-Origin, Referer', 'Content-Encoding': 'gzip', 'Server': 'scaffolding on HTTPServer2', 'X-XSS-Protection': '0', 'X-Frame-Options': 'SAMEORIGIN', 'X-Content-Type-Options': 'nosniff', 'Alt-Svc': 'h3=":443"; ma=2592000,h3-29=":443"; ma=2592000', 'Transfer-Encoding': 'chunked'} and content {
  "access_token": "ya29.a0AcM612xn7J_u42T_03eHu9KRPAB9iMFENhDvtX5twI1-mthv7_yMz1PPpv-wQwqxJPord-c76mAn2NDK4vj2LzSCPmAWE04ciqaHswSP0yfsbK7sgaRC6Y0Gk9kFOSEVz_ZXQCg62f6hjRWxg1H4EG5mS39F15zRcMFNaCgYKAUsSARMSFQHGX2MipdImORyls6RgLMCH62s6jQ0171",
  "expires_in": 3599,
  "refresh_token": "1//03DvxqG48Ah1ZCgYIARAAGAMSNwF-L9IrUrNDy7jMZy74wa7icFgcvsuOiU5syOuwC2In1d9lB2WQTdZa6TcvO6NKKmCPs2CKRLw",
  "scope": "https://www.googleapis.com/auth/cloud-platform openid https://www.googleapis.com/auth/sqlservice.login https://www.googleapis.com/auth/userinfo.email",
  "token_type": "Bearer",
  "id_token": "eyJhbGciOiJSUzI1NiIsImtpZCI6IjQ1MjljNDA5Zjc3YTEwNmZiNjdlZTFhODVkMTY4ZmQyY2ZiN2MwYjciLCJ0eXAiOiJKV1QifQ.eyJpc3MiOiJodHRwczovL2FjY291bnRzLmdvb2dsZS5jb20iLCJhenAiOiI3NjQwODYwNTE4NTAtNnFyNHA2Z3BpNmhuNTA2cHQ4ZWp1cTgzZGkzNDFodXIuYXBwcy5nb29nbGV1c2VyY29udGVudC5jb20iLCJhdWQiOiI3NjQwODYwNTE4NTAtNnFyNHA2Z3BpNmhuNTA2cHQ4ZWp1cTgzZGkzNDFodXIuYXBwcy5nb29nbGV1c2VyY29udGVudC5jb20iLCJzdWIiOiIxMDE3NDA5NTc2NjQyMDU1NDM5NTUiLCJlbWFpbCI6InN0ZXJycnJlc3RAZ21haWwuY29tIiwiZW1haWxfdmVyaWZpZWQiOnRydWUsImF0X2hhc2giOiJtZnpEa1ZLOVNBcXJkZFpxQm84N19BIiwiaWF0IjoxNzIzMjAwNzcyLCJleHAiOjE3MjMyMDQzNzJ9.Mh7jwIfnKijRuv_9r9I-kFK8bnUWkwZd_Xl1iaeIR9eFKhSJVaxp6LlgxOFZZJg5k4jjzc7oNkC4IuAa79fzP33d63vrGfSLXMgCAArHiKnOjpIxAfv4UrkIYojw6LUHg5SMjCMvVTI5Eju3pJU--mkRKLSlxEhVEsfA6Kmu1jarwBpj_X1td1i-GJRF29kB5pQ__Gd03Hfw8dE8eCGIbKucANebCfOBwqiuYX0Rs_2vjEQ-86AarcRsnEDazOUtydoEuv7LXyNMQCdrVSWz2WzmSd2y11JJWij4O16t9DuB4U87Y6XTBDCh717qohH-VAlV9RRmbrlsYK8l2Fa6vA"
}.
2024-08-09 13:52:52,925 DEBUG    requests_oauthlib.oauth2_session Invoking 0 token response hooks.
2024-08-09 13:52:52,926 DEBUG    requests_oauthlib.oauth2_session Obtained token {'access_token': 'ya29.a0AcM612xn7J_u42T_03eHu9KRPAB9iMFENhDvtX5twI1-mthv7_yMz1PPpv-wQwqxJPord-c76mAn2NDK4vj2LzSCPmAWE04ciqaHswSP0yfsbK7sgaRC6Y0Gk9kFOSEVz_ZXQCg62f6hjRWxg1H4EG5mS39F15zRcMFNaCgYKAUsSARMSFQHGX2MipdImORyls6RgLMCH62s6jQ0171', 'expires_in': 3599, 'refresh_token': '1//03DvxqG48Ah1ZCgYIARAAGAMSNwF-L9IrUrNDy7jMZy74wa7icFgcvsuOiU5syOuwC2In1d9lB2WQTdZa6TcvO6NKKmCPs2CKRLw', 'scope': ['https://www.googleapis.com/auth/cloud-platform', 'openid', 'https://www.googleapis.com/auth/sqlservice.login', 'https://www.googleapis.com/auth/userinfo.email'], 'token_type': 'Bearer', 'id_token': 'eyJhbGciOiJSUzI1NiIsImtpZCI6IjQ1MjljNDA5Zjc3YTEwNmZiNjdlZTFhODVkMTY4ZmQyY2ZiN2MwYjciLCJ0eXAiOiJKV1QifQ.eyJpc3MiOiJodHRwczovL2FjY291bnRzLmdvb2dsZS5jb20iLCJhenAiOiI3NjQwODYwNTE4NTAtNnFyNHA2Z3BpNmhuNTA2cHQ4ZWp1cTgzZGkzNDFodXIuYXBwcy5nb29nbGV1c2VyY29udGVudC5jb20iLCJhdWQiOiI3NjQwODYwNTE4NTAtNnFyNHA2Z3BpNmhuNTA2cHQ4ZWp1cTgzZGkzNDFodXIuYXBwcy5nb29nbGV1c2VyY29udGVudC5jb20iLCJzdWIiOiIxMDE3NDA5NTc2NjQyMDU1NDM5NTUiLCJlbWFpbCI6InN0ZXJycnJlc3RAZ21haWwuY29tIiwiZW1haWxfdmVyaWZpZWQiOnRydWUsImF0X2hhc2giOiJtZnpEa1ZLOVNBcXJkZFpxQm84N19BIiwiaWF0IjoxNzIzMjAwNzcyLCJleHAiOjE3MjMyMDQzNzJ9.Mh7jwIfnKijRuv_9r9I-kFK8bnUWkwZd_Xl1iaeIR9eFKhSJVaxp6LlgxOFZZJg5k4jjzc7oNkC4IuAa79fzP33d63vrGfSLXMgCAArHiKnOjpIxAfv4UrkIYojw6LUHg5SMjCMvVTI5Eju3pJU--mkRKLSlxEhVEsfA6Kmu1jarwBpj_X1td1i-GJRF29kB5pQ__Gd03Hfw8dE8eCGIbKucANebCfOBwqiuYX0Rs_2vjEQ-86AarcRsnEDazOUtydoEuv7LXyNMQCdrVSWz2WzmSd2y11JJWij4O16t9DuB4U87Y6XTBDCh717qohH-VAlV9RRmbrlsYK8l2Fa6vA', 'expires_at': 1723204371.9262452}.
2024-08-09 13:52:52,938 INFO     ___FILE_ONLY___ 
Credentials saved to file: [/Users/sterr/.config/gcloud/application_default_credentials.json]

2024-08-09 13:52:52,938 INFO     ___FILE_ONLY___ 
These credentials will be used by any library that requests Application Default Credentials (ADC).

2024-08-09 13:52:52,948 INFO     root            Using alternate credentials from file: [/Users/sterr/.config/gcloud/application_default_credentials.json]
2024-08-09 13:52:52,952 DEBUG    google.auth.transport.requests Making request: POST https://oauth2.googleapis.com/token
2024-08-09 13:52:52,955 DEBUG    urllib3.connectionpool Starting new HTTPS connection (1): oauth2.googleapis.com:443
2024-08-09 13:52:53,176 DEBUG    urllib3.connectionpool https://oauth2.googleapis.com:443 "POST /token HTTP/1.1" 200 None
2024-08-09 13:52:53,185 INFO     root            Using alternate credentials from file: [/Users/sterr/.config/gcloud/application_default_credentials.json]
2024-08-09 13:52:53,226 DEBUG    urllib3.connectionpool Starting new HTTPS connection (1): cloudresourcemanager.googleapis.com:443
2024-08-09 13:52:54,031 DEBUG    urllib3.connectionpool https://cloudresourcemanager.googleapis.com:443 "POST /v1/projects/graphical-bus-431909-u0:testIamPermissions?alt=json HTTP/1.1" 200 None
2024-08-09 13:52:54,038 INFO     ___FILE_ONLY___ 
Quota project "graphical-bus-431909-u0" was added to ADC which can be used by Google client libraries for billing and quota. Note that some services may still bill the project owning the resource.

2024-08-09 13:52:54,039 DEBUG    root            Chosen display Format:none
2024-08-09 13:52:54,040 INFO     root            Display format: "none"
