2024-08-09 15:42:32,028 DEBUG    root            Loaded Command Group: ['gcloud', 'auth']
2024-08-09 15:42:32,030 DEBUG    root            Loaded Command Group: ['gcloud', 'auth', 'list']
2024-08-09 15:42:32,031 DEBUG    root            Running [gcloud.auth.list] with arguments: []
2024-08-09 15:42:32,039 DEBUG    root            Chosen display Format:    table[title='Credentialed Accounts'](
        status.yesno(yes='*', no=''):label=ACTIVE,
        account
    )
2024-08-09 15:42:32,040 INFO     root            Display format: "    table[title='Credentialed Accounts'](
        status.yesno(yes='*', no=''):label=ACTIVE,
        account
    )"
2024-08-09 15:42:32,049 INFO     ___FILE_ONLY___    Credentialed Accounts
2024-08-09 15:42:32,049 INFO     ___FILE_ONLY___ 

2024-08-09 15:42:32,049 INFO     ___FILE_ONLY___ ACTIVE
2024-08-09 15:42:32,049 INFO     ___FILE_ONLY___   
2024-08-09 15:42:32,049 INFO     ___FILE_ONLY___ ACCOUNT
2024-08-09 15:42:32,049 INFO     ___FILE_ONLY___ 

2024-08-09 15:42:32,049 INFO     ___FILE_ONLY___ *
2024-08-09 15:42:32,049 INFO     ___FILE_ONLY___        
2024-08-09 15:42:32,049 INFO     ___FILE_ONLY___ sterrrrest@gmail.com
2024-08-09 15:42:32,049 INFO     ___FILE_ONLY___ 

2024-08-09 15:42:32,049 INFO     ___FILE_ONLY___ 
To set the active account, run:
    $ gcloud config set account `ACCOUNT`


